#
# A fatal error has been detected by the Java Runtime Environment:
#
#  SIGBUS (0xa) at pc=0x000000012c941729, pid=1635, tid=6403
#
# JRE version: Java(TM) SE Runtime Environment (8.0_05-b13) (build 1.8.0_05-b13)
# Java VM: Java HotSpot(TM) 64-Bit Server VM (25.5-b02 mixed mode bsd-amd64 compressed oops)
# Problematic frame:
# C  [libcuda_310.40.15.dylib+0x1c4729]  cudbgGetAPIVersion+0x4b439
#
# Failed to write core dump. Core dumps have been disabled. To enable core dumping, try "ulimit -c unlimited" before starting Java again
#
# If you would like to submit a bug report, please visit:
#   http://bugreport.sun.com/bugreport/crash.jsp
# The crash happened outside the Java Virtual Machine in native code.
# See problematic frame for where to report the bug.
#

---------------  T H R E A D  ---------------

Current thread (0x00007fdffb000800):  JavaThread "main" [_thread_in_native, id=6403, stack(0x00000001100c1000,0x00000001101c1000)]

siginfo:si_signo=SIGBUS: si_errno=0, si_code=2 (BUS_ADRERR), si_addr=0x00000006d7f80000

Registers:
RAX=0x0000000000000000, RBX=0x0000000000024840, RCX=0x0000000007e00000, RDX=0x0000000000100000
RSP=0x00000001101bfc80, RBP=0x00000001101bfca0, RSI=0x00000006d7ea4818, RDI=0x00000001311f5000
R8 =0x0000000000000000, R9 =0x0000000000000000, R10=0x0000000000100000, R11=0xffffffffffd5d150
R12=0x00000006d7ea4818, R13=0x00000001311f5000, R14=0x00000006d7f7ffd8, R15=0x00000001312d07c0
RIP=0x000000012c941729, EFLAGS=0x0000000000010212, ERR=0x0000000000000004
  TRAPNO=0x000000000000000e

Top of Stack: (sp=0x00000001101bfc80)
0x00000001101bfc80:   00000001311f5000 00000006d7ea4818
0x00000001101bfc90:   0000000000100000 0000000000000001
0x00000001101bfca0:   00000001101bfd60 000000012c8773be
0x00000001101bfcb0:   00007fdff9c88440 00000001101c0098
0x00000001101bfcc0:   00000001311f5000 0000000000100000
0x00000001101bfcd0:   0000000008000000 00000006d7ea4818
0x00000001101bfce0:   00000006d7ea4818 0000000000000000
0x00000001101bfcf0:   00000001101bff20 0000000000100000
0x00000001101bfd00:   0000000008000000 0000000000100000
0x00000001101bfd10:   0000000000000001 00000001311f5000
0x00000001101bfd20:   0000000008000000 0000000000000001
0x00000001101bfd30:   00000006d7ea4818 0000000000000000
0x00000001101bfd40:   00007fdff9c86d30 00000001101c02e0
0x00000001101bfd50:   00000001101c0098 00007fdff9f2a3b0
0x00000001101bfd60:   00000001101bfde0 000000012c883ae5
0x00000001101bfd70:   00000001101bfd90 000000012c87832a
0x00000001101bfd80:   00000001101bfdb0 00000001101bff20
0x00000001101bfd90:   00000001101bfde0 000000012c88394b
0x00000001101bfda0:   00007fdffc82e600 00000001101c0008
0x00000001101bfdb0:   00007fdffc82e600 00007fdffc82e600
0x00000001101bfdc0:   00007fdff9c86d30 00000001101c02e0
0x00000001101bfdd0:   00007fdff9c86cc0 0000000000000020
0x00000001101bfde0:   00000001101c0060 000000012c8843dc
0x00000001101bfdf0:   00000001101c0020 00007fdff9c88260
0x00000001101bfe00:   00000001101d44e7 01000001101c0160
0x00000001101bfe10:   00000001101c0098 00000001101e42a0
0x00000001101bfe20:   00000001101c0210 00007fdff9f2a3b0
0x00000001101bfe30:   00000001101c0158 0000000000000001
0x00000001101bfe40:   0000000000000000 0000000000000000
0x00000001101bfe50:   00007fdff9c88260 0000000000000000
0x00000001101bfe60:   0000000000100000 0000000000000001
0x00000001101bfe70:   0000000000000000 0000000000000000 

Instructions: (pc=0x000000012c941729)
0x000000012c941709:   06 41 0f 2b 07 49 83 c6 10 49 83 c7 10 48 83 c3
0x000000012c941719:   f0 eb e4 0f 1f 40 00 41 0f 10 06 41 0f 10 4e 10
0x000000012c941729:   41 0f 10 56 20 41 0f 10 5e 30 41 0f 2b 07 41 0f
0x000000012c941739:   2b 4f 10 41 0f 2b 57 20 41 0f 2b 5f 30 49 83 c6 

Register to memory mapping:

RAX=0x0000000000000000 is an unknown value
RBX=0x0000000000024840 is an unknown value
RCX=0x0000000007e00000 is an unknown value
RDX=0x0000000000100000 is an unknown value
RSP=0x00000001101bfc80 is pointing into the stack for thread: 0x00007fdffb000800
RBP=0x00000001101bfca0 is pointing into the stack for thread: 0x00007fdffb000800
RSI=