#
# A fatal error has been detected by the Java Runtime Environment:
#
#  SIGBUS (0xa) at pc=0x000000012bab46c0, pid=1604, tid=6403
#
# JRE version: Java(TM) SE Runtime Environment (8.0_05-b13) (build 1.8.0_05-b13)
# Java VM: Java HotSpot(TM) 64-Bit Server VM (25.5-b02 mixed mode bsd-amd64 compressed oops)
# Problematic frame:
# C  [libcuda_310.40.15.dylib+0x1c46c0]  cudbgGetAPIVersion+0x4b3d0
#
# Failed to write core dump. Core dumps have been disabled. To enable core dumping, try "ulimit -c unlimited" before starting Java again
#
# If you would like to submit a bug report, please visit:
#   http://bugreport.sun.com/bugreport/crash.jsp
# The crash happened outside the Java Virtual Machine in native code.
# See problematic frame for where to report the bug.
#

---------------  T H R E A D  ---------------

Current thread (0x00007f9e8200a000):  JavaThread "main" [_thread_in_native, id=6403, stack(0x000000010f2c1000,0x000000010f3c1000)]

siginfo:si_signo=SIGBUS: si_errno=0, si_code=2 (BUS_ADRERR), si_addr=0x00000006d7f80000

Registers:
RAX=0x0000000000000000, RBX=0x000000000003bfc0, RCX=0x0000000007e00000, RDX=0x0000000000100000
RSP=0x000000010f3bfc80, RBP=0x000000010f3bfca0, RSI=0x00000006d7ebbfc0, RDI=0x0000000130368000
R8 =0x0000000000000000, R9 =0x0000000000000000, R10=0x0000000000100000, R11=0xfffffffffdc02370
R12=0x00000006d7ebbfc0, R13=0x0000000130368000, R14=0x00000006d7f80000, R15=0x000000013042c040
RIP=0x000000012bab46c0, EFLAGS=0x0000000000010216, ERR=0x0000000000000004
  TRAPNO=0x000000000000000e

Top of Stack: (sp=0x000000010f3bfc80)
0x000000010f3bfc80:   0000000130368000 00000006d7ebbfc0
0x000000010f3bfc90:   0000000000100000 0000000000000001
0x000000010f3bfca0:   000000010f3bfd60 000000012b9ea3be
0x000000010f3bfcb0:   00007f9e81c40cb0 000000010f3c0098
0x000000010f3bfcc0:   0000000130368000 0000000000100000
0x000000010f3bfcd0:   0000000008000000 00000006d7ebbfc0
0x000000010f3bfce0:   00000006d7ebbfc0 0000000000000000
0x000000010f3bfcf0:   000000010f3bff20 0000000000100000
0x000000010f3bfd00:   0000000008000000 0000000000100000
0x000000010f3bfd10:   0000000000000001 0000000130368000
0x000000010f3bfd20:   0000000008000000 0000000000000001
0x000000010f3bfd30:   00000006d7ebbfc0 0000000000000000
0x000000010f3bfd40:   00007f9e81c3fdb0 000000010f3c02e0
0x000000010f3bfd50:   000000010f3c0098 00007f9e84120410
0x000000010f3bfd60:   000000010f3bfde0 000000012b9f6ae5
0x000000010f3bfd70:   000000010f3bfd90 000000012b9eb32a
0x000000010f3bfd80:   000000010f3bfdb0 000000010f3bff20
0x000000010f3bfd90:   000000010f3bfde0 000000012b9f694b
0x000000010f3bfda0:   00007f9e86022800 000000010f3c0008
0x000000010f3bfdb0:   00007f9e86022800 00007f9e86022800
0x000000010f3bfdc0:   00007f9e81c3fdb0 000000010f3c02e0
0x000000010f3bfdd0:   00007f9e81c3fd40 0000000000000020
0x000000010f3bfde0:   000000010f3c0060 000000012b9f73dc
0x000000010f3bfdf0:   000000010f3c0020 00007f9e81c40ad0
0x000000010f3bfe00:   000000010f3c34e7 010000010f3c0160
0x000000010f3bfe10:   000000010f3c0098 000000010f3d32a0
0x000000010f3bfe20:   000000010f3c0210 00007f9e84120410
0x000000010f3bfe30:   000000010f3c0158 0000000000000001
0x000000010f3bfe40:   0000000000000000 0000000000000000
0x000000010f3bfe50:   00007f9e81c40ad0 0000000000000000
0x000000010f3bfe60:   0000000000100000 0000000000000001
0x000000010f3bfe70:   0000000000000000 0000000000000000 

Instructions: (pc=0x000000012bab46c0)
0x000000012bab46a0:   4c 89 f6 4c 89 e2 e8 c9 27 01 00 4c 29 e3 4d 01
0x000000012bab46b0:   e6 4d 01 e7 41 f6 c6 0f 74 38 e9 93 00 00 00 90
0x000000012bab46c0:   41 0f 28 06 41 0f 28 4e 10 41 0f 28 56 20 41 0f
0x000000012bab46d0:   28 5e 30 41 0f 2b 07 41 0f 2b 4f 10 41 0f 2b 57 

Register to memory mapping:

RAX=0x0000000000000000 is an unknown value
RBX=0x000000000003bfc0 is an unknown value
RCX=0x0000000007e00000 is an unknown value
RDX=0x0000000000100000 is an unknown value
RSP=0x000000010f3bfc80 is pointing into the stack for thread: 0x00007f9e8200a000
RBP=0x000000010f3bfca0 is pointing into the stack for thread: 0x00007f9e8200a000
RSI=