#
# A fatal error has been detected by the Java Runtime Environment:
#
#  SIGBUS (0xa) at pc=0x000000012dd5f6ce, pid=1592, tid=6403
#
# JRE version: Java(TM) SE Runtime Environment (8.0_05-b13) (build 1.8.0_05-b13)
# Java VM: Java HotSpot(TM) 64-Bit Server VM (25.5-b02 mixed mode bsd-amd64 compressed oops)
# Problematic frame:
# C  [libcuda_310.40.15.dylib+0x1c46ce]  cudbgGetAPIVersion+0x4b3de
#
# Failed to write core dump. Core dumps have been disabled. To enable core dumping, try "ulimit -c unlimited" before starting Java again
#
# If you would like to submit a bug report, please visit:
#   http://bugreport.sun.com/bugreport/crash.jsp
# The crash happened outside the Java Virtual Machine in native code.
# See problematic frame for where to report the bug.
#

---------------  T H R E A D  ---------------

Current thread (0x00007ff363000000):  JavaThread "main" [_thread_in_native, id=6403, stack(0x00000001114c1000,0x00000001115c1000)]

siginfo:si_signo=SIGBUS: si_errno=0, si_code=2 (BUS_ADRERR), si_addr=0x00000006d7f80000

Registers:
RAX=0x0000000000000000, RBX=0x0000000000027000, RCX=0x0000000007e00000, RDX=0x0000000000100000
RSP=0x00000001115bfc90, RBP=0x00000001115bfcb0, RSI=0x00000006d7ea6fd0, RDI=0x0000000132613000
R8 =0x0000000000000000, R9 =0x0000000000000000, R10=0x0000000000100000, R11=0xfffffffffe438e30
R12=0x00000006d7ea6fd0, R13=0x0000000132613000, R14=0x00000006d7f7ffd0, R15=0x00000001326ec000
RIP=0x000000012dd5f6ce, EFLAGS=0x0000000000010212, ERR=0x0000000000000004
  TRAPNO=0x000000000000000e

Top of Stack: (sp=0x00000001115bfc90)
0x00000001115bfc90:   0000000132613000 00000006d7ea6fd0
0x00000001115bfca0:   0000000000100000 0000000000000001
0x00000001115bfcb0:   00000001115bfd70 000000012dc953be
0x00000001115bfcc0:   00007ff361e58c70 00000001115c00a8
0x00000001115bfcd0:   0000000132613000 0000000000100000
0x00000001115bfce0:   0000000008000000 00000006d7ea6fd0
0x00000001115bfcf0:   00000006d7ea6fd0 0000000000000000
0x00000001115bfd00:   00000001115bff30 0000000000100000
0x00000001115bfd10:   0000000008000000 0000000000100000
0x00000001115bfd20:   0000000000000001 0000000132613000
0x00000001115bfd30:   0000000008000000 0000000000000001
0x00000001115bfd40:   00000006d7ea6fd0 0000000000000000
0x00000001115bfd50:   00007ff361e57560 00000001115c02f0
0x00000001115bfd60:   00000001115c00a8 00007ff363a1ef00
0x00000001115bfd70:   00000001115bfdf0 000000012dca1ae5
0x00000001115bfd80:   00000001115bfda0 000000012dc9632a
0x00000001115bfd90:   00000001115bfdc0 00000001115bff30
0x00000001115bfda0:   00000001115bfdf0 000000012dca194b
0x00000001115bfdb0:   00007ff36308fe00 00000001115c0018
0x00000001115bfdc0:   00007ff36308fe00 00007ff36308fe00
0x00000001115bfdd0:   00007ff361e57560 00000001115c02f0
0x00000001115bfde0:   00007ff361e574f0 0000000000000020
0x00000001115bfdf0:   00000001115c0070 000000012dca23dc
0x00000001115bfe00:   00000001115c0030 00007ff361e58a90
0x00000001115bfe10:   00000001115f74e7 01000001115c0170
0x00000001115bfe20:   00000001115c00a8 00000001116072a0
0x00000001115bfe30:   00000001115c0220 00007ff363a1ef00
0x00000001115bfe40:   00000001115c0168 0000000000000001
0x00000001115bfe50:   0000000000000000 0000000000000000
0x00000001115bfe60:   00007ff361e58a90 0000000000000000
0x00000001115bfe70:   0000000000100000 0000000000000001
0x00000001115bfe80:   0000000000000000 0000000000000000 

Instructions: (pc=0x000000012dd5f6ce)
0x000000012dd5f6ae:   4d 01 e6 4d 01 e7 41 f6 c6 0f 74 38 e9 93 00 00
0x000000012dd5f6be:   00 90 41 0f 28 06 41 0f 28 4e 10 41 0f 28 56 20
0x000000012dd5f6ce:   41 0f 28 5e 30 41 0f 2b 07 41 0f 2b 4f 10 41 0f
0x000000012dd5f6de:   2b 57 20 41 0f 2b 5f 30 49 83 c6 40 49 83 c7 40 

Register to memory mapping:

RAX=0x0000000000000000 is an unknown value
RBX=0x0000000000027000 is an unknown value
RCX=0x0000000007e00000 is an unknown value
RDX=0x0000000000100000 is an unknown value
RSP=0x00000001115bfc90 is pointing into the stack for thread: 0x00007ff363000000
RBP=0x00000001115bfcb0 is pointing into the stack for thread: 0x00007ff363000000
RSI=